2026-05-17 00:29:42,424 INFO o.a.j.u.JMeterUtils: Setting Locale to en_EN
2026-05-17 00:29:42,455 INFO o.a.j.JMeter: Loading user properties from: C:\Users\USUARIO\OneDrive - corhuila.edu.co\Escritorio\Code\apache-jmeter-5.6.3\apache-jmeter-5.6.3\bin\user.properties
2026-05-17 00:29:42,458 INFO o.a.j.JMeter: Loading system properties from: C:\Users\USUARIO\OneDrive - corhuila.edu.co\Escritorio\Code\apache-jmeter-5.6.3\apache-jmeter-5.6.3\bin\system.properties
2026-05-17 00:29:42,469 INFO o.a.j.JMeter: Copyright (c) 1998-2024 The Apache Software Foundation
2026-05-17 00:29:42,470 INFO o.a.j.JMeter: Version 5.6.3
2026-05-17 00:29:42,470 INFO o.a.j.JMeter: java.version=25.0.2
2026-05-17 00:29:42,470 INFO o.a.j.JMeter: java.vm.name=Java HotSpot(TM) 64-Bit Server VM
2026-05-17 00:29:42,470 INFO o.a.j.JMeter: os.name=Windows 11
2026-05-17 00:29:42,470 INFO o.a.j.JMeter: os.arch=amd64
2026-05-17 00:29:42,470 INFO o.a.j.JMeter: os.version=10.0
2026-05-17 00:29:42,470 INFO o.a.j.JMeter: file.encoding=UTF-8
2026-05-17 00:29:42,470 INFO o.a.j.JMeter: java.awt.headless=true
2026-05-17 00:29:42,470 INFO o.a.j.JMeter: Max memory     =1073741824
2026-05-17 00:29:42,471 INFO o.a.j.JMeter: Available Processors =8
2026-05-17 00:29:42,489 INFO o.a.j.JMeter: Default Locale=English (EN)
2026-05-17 00:29:42,489 INFO o.a.j.JMeter: JMeter  Locale=English (EN)
2026-05-17 00:29:42,489 INFO o.a.j.JMeter: JMeterHome=C:\Users\USUARIO\OneDrive - corhuila.edu.co\Escritorio\Code\apache-jmeter-5.6.3\apache-jmeter-5.6.3
2026-05-17 00:29:42,489 INFO o.a.j.JMeter: user.dir  =C:\Users\USUARIO\Downloads\GymSuppStore
2026-05-17 00:29:42,490 INFO o.a.j.JMeter: PWD       =C:\Users\USUARIO\Downloads\GymSuppStore
2026-05-17 00:29:42,496 INFO o.a.j.JMeter: IP: 192.168.1.75 Name: DESKTOP-NUCSM5D FullName: DESKTOP-NUCSM5D
2026-05-17 00:29:42,519 INFO o.a.j.JMeter: Setting property 'jmeter.reportgenerator.outputdir' to:'C:\Users\USUARIO\Downloads\GymSuppStore\reports\jmeter\html'
2026-05-17 00:29:42,524 INFO o.a.j.s.FileServer: Default base='C:\Users\USUARIO\Downloads\GymSuppStore'
2026-05-17 00:29:42,525 INFO o.a.j.s.FileServer: Set new base='C:\Users\USUARIO\Downloads\GymSuppStore\jmeter'
2026-05-17 00:29:42,880 INFO o.a.j.s.SaveService: Testplan (JMX) version: 2.2. Testlog (JTL) version: 2.2
2026-05-17 00:29:42,905 INFO o.a.j.s.SaveService: Using SaveService properties version 5.0
2026-05-17 00:29:42,910 INFO o.a.j.s.SaveService: Using SaveService properties file encoding UTF-8
2026-05-17 00:29:42,915 INFO o.a.j.s.SaveService: Loading file: jmeter\plan-pruebas.jmx
2026-05-17 00:29:42,985 INFO o.a.j.p.h.s.HTTPSamplerBase: Parser for text/html is org.apache.jmeter.protocol.http.parser.LagartoBasedHtmlParser
2026-05-17 00:29:42,985 INFO o.a.j.p.h.s.HTTPSamplerBase: Parser for application/xhtml+xml is org.apache.jmeter.protocol.http.parser.LagartoBasedHtmlParser
2026-05-17 00:29:42,985 INFO o.a.j.p.h.s.HTTPSamplerBase: Parser for application/xml is org.apache.jmeter.protocol.http.parser.LagartoBasedHtmlParser
2026-05-17 00:29:42,985 INFO o.a.j.p.h.s.HTTPSamplerBase: Parser for text/xml is org.apache.jmeter.protocol.http.parser.LagartoBasedHtmlParser
2026-05-17 00:29:42,986 INFO o.a.j.p.h.s.HTTPSamplerBase: Parser for text/vnd.wap.wml is org.apache.jmeter.protocol.http.parser.RegexpHTMLParser
2026-05-17 00:29:42,986 INFO o.a.j.p.h.s.HTTPSamplerBase: Parser for text/css is org.apache.jmeter.protocol.http.parser.CssParser
2026-05-17 00:29:43,024 INFO o.a.j.JMeter: Creating summariser <summary>
2026-05-17 00:29:43,029 INFO o.a.j.r.d.ReportGenerator: ReportGenerator will use for Parsing the separator: ','
2026-05-17 00:29:43,030 INFO o.a.j.r.d.ReportGenerator: Will generate report at end of test from  results file: reports\jmeter\results.jtl
2026-05-17 00:29:43,030 INFO o.a.j.r.d.ReportGenerator: Reading report generator properties from: C:\Users\USUARIO\OneDrive - corhuila.edu.co\Escritorio\Code\apache-jmeter-5.6.3\apache-jmeter-5.6.3\bin\reportgenerator.properties
2026-05-17 00:29:43,032 INFO o.a.j.r.d.ReportGenerator: Merging with JMeter properties
2026-05-17 00:29:43,036 INFO o.a.j.r.c.ReportGeneratorConfiguration: Property 'jmeter.reportgenerator.temp_dir' not found, using default value 'temp' instead.
2026-05-17 00:29:43,040 INFO o.a.j.r.c.ReportGeneratorConfiguration: Property 'jmeter.reportgenerator.apdex_per_transaction' not found, using default value 'null' instead.
2026-05-17 00:29:43,040 INFO o.a.j.r.c.ReportGeneratorConfiguration: apdex_per_transaction is empty, not APDEX per transaction customization
2026-05-17 00:29:43,040 INFO o.a.j.r.c.ReportGeneratorConfiguration: Property 'jmeter.reportgenerator.sample_filter' not found, using default value 'null' instead.
2026-05-17 00:29:43,040 INFO o.a.j.r.c.ReportGeneratorConfiguration: Property 'jmeter.reportgenerator.report_title' not found, using default value 'null' instead.
2026-05-17 00:29:43,041 INFO o.a.j.r.c.ReportGeneratorConfiguration: Property 'jmeter.reportgenerator.start_date' not found, using default value 'null' instead.
2026-05-17 00:29:43,041 INFO o.a.j.r.c.ReportGeneratorConfiguration: Property 'jmeter.reportgenerator.end_date' not found, using default value 'null' instead.
2026-05-17 00:29:43,041 INFO o.a.j.r.c.ReportGeneratorConfiguration: Property 'jmeter.reportgenerator.date_format' not found, using default value 'null' instead.
2026-05-17 00:29:43,042 INFO o.a.j.r.c.ReportGeneratorConfiguration: Will use date range start date: null, end date: null
2026-05-17 00:29:43,046 INFO o.a.j.r.c.ReportGeneratorConfiguration: Property 'jmeter.reportgenerator.graph.totalTPS.exclude_controllers' not found, using default value 'false' instead.
2026-05-17 00:29:43,046 INFO o.a.j.r.c.ReportGeneratorConfiguration: Property 'jmeter.reportgenerator.graph.activeThreadsOverTime.exclude_controllers' not found, using default value 'false' instead.
2026-05-17 00:29:43,046 INFO o.a.j.r.c.ReportGeneratorConfiguration: Property 'jmeter.reportgenerator.graph.timeVsThreads.exclude_controllers' not found, using default value 'false' instead.
2026-05-17 00:29:43,046 INFO o.a.j.r.c.ReportGeneratorConfiguration: Property 'jmeter.reportgenerator.graph.responseTimeDistribution.exclude_controllers' not found, using default value 'false' instead.
2026-05-17 00:29:43,046 INFO o.a.j.r.c.ReportGeneratorConfiguration: Property 'jmeter.reportgenerator.graph.transactionsPerSecond.exclude_controllers' not found, using default value 'false' instead.
2026-05-17 00:29:43,046 INFO o.a.j.r.c.ReportGeneratorConfiguration: Property 'jmeter.reportgenerator.graph.responseTimePercentiles.exclude_controllers' not found, using default value 'false' instead.
2026-05-17 00:29:43,047 INFO o.a.j.r.c.ReportGeneratorConfiguration: Property 'jmeter.reportgenerator.graph.responseTimePercentilesOverTime.exclude_controllers' not found, using default value 'false' instead.
2026-05-17 00:29:43,047 INFO o.a.j.r.c.ReportGeneratorConfiguration: Property 'jmeter.reportgenerator.graph.responseTimesOverTime.exclude_controllers' not found, using default value 'false' instead.
2026-05-17 00:29:43,047 INFO o.a.j.r.c.ReportGeneratorConfiguration: Property 'jmeter.reportgenerator.graph.connectTimeOverTime.exclude_controllers' not found, using default value 'false' instead.
2026-05-17 00:29:43,047 INFO o.a.j.r.c.ReportGeneratorConfiguration: Property 'jmeter.reportgenerator.graph.latenciesOverTime.exclude_controllers' not found, using default value 'false' instead.
2026-05-17 00:29:43,048 INFO o.a.j.r.c.ReportGeneratorConfiguration: Property 'jmeter.reportgenerator.exporter.json.filters_only_sample_series' not found, using default value 'true' instead.
2026-05-17 00:29:43,048 INFO o.a.j.r.c.ReportGeneratorConfiguration: Property 'jmeter.reportgenerator.exporter.json.series_filter' not found, using default value '' instead.
2026-05-17 00:29:43,048 INFO o.a.j.r.c.ReportGeneratorConfiguration: Property 'jmeter.reportgenerator.exporter.json.show_controllers_only' not found, using default value 'false' instead.
2026-05-17 00:29:43,049 INFO o.a.j.r.c.ReportGeneratorConfiguration: Property 'jmeter.reportgenerator.exporter.html.filters_only_sample_series' not found, using default value 'true' instead.
2026-05-17 00:29:43,049 INFO o.a.j.r.c.ReportGeneratorConfiguration: Property 'jmeter.reportgenerator.exporter.html.series_filter' not found, using default value '' instead.
2026-05-17 00:29:43,049 INFO o.a.j.r.c.ReportGeneratorConfiguration: Property 'jmeter.reportgenerator.exporter.html.show_controllers_only' not found, using default value 'false' instead.
2026-05-17 00:29:43,065 INFO o.a.j.e.StandardJMeterEngine: Running the test!
2026-05-17 00:29:43,066 INFO o.a.j.s.SampleEvent: List of sample_variables: []
2026-05-17 00:29:43,066 INFO o.a.j.s.SampleEvent: List of sample_variables: []
2026-05-17 00:29:43,075 INFO o.a.j.e.u.CompoundVariable: Note: Function class names must contain the string: '.functions.'
2026-05-17 00:29:43,075 INFO o.a.j.e.u.CompoundVariable: Note: Function class names must not contain the string: '.gui.'
2026-05-17 00:29:43,184 INFO o.a.j.JMeter: Running test (1778995783184)
2026-05-17 00:29:43,207 INFO o.a.j.e.StandardJMeterEngine: Starting ThreadGroup: 1 : Escenario Normal - 5 usuarios
2026-05-17 00:29:43,207 INFO o.a.j.e.StandardJMeterEngine: Starting 5 threads for group Escenario Normal - 5 usuarios.
2026-05-17 00:29:43,207 INFO o.a.j.e.StandardJMeterEngine: Thread will continue on error
2026-05-17 00:29:43,207 INFO o.a.j.t.ThreadGroup: Starting thread group... number=1 threads=5 ramp-up=5 delayedStart=false
2026-05-17 00:29:43,215 INFO o.a.j.t.ThreadGroup: Started thread group number 1
2026-05-17 00:29:43,215 INFO o.a.j.e.StandardJMeterEngine: Starting ThreadGroup: 2 : Escenario Carga - 50 usuarios
2026-05-17 00:29:43,215 INFO o.a.j.e.StandardJMeterEngine: Starting 50 threads for group Escenario Carga - 50 usuarios.
2026-05-17 00:29:43,215 INFO o.a.j.e.StandardJMeterEngine: Thread will continue on error
2026-05-17 00:29:43,215 INFO o.a.j.t.ThreadGroup: Starting thread group... number=2 threads=50 ramp-up=10 delayedStart=false
2026-05-17 00:29:43,217 INFO o.a.j.t.JMeterThread: Thread started: Escenario Carga - 50 usuarios 2-1
2026-05-17 00:29:43,217 INFO o.a.j.t.JMeterThread: Thread started: Escenario Normal - 5 usuarios 1-1
2026-05-17 00:29:43,234 INFO o.a.j.t.ThreadGroup: Started thread group number 2
2026-05-17 00:29:43,234 INFO o.a.j.e.StandardJMeterEngine: Starting ThreadGroup: 3 : Escenario Estres - 100 usuarios
2026-05-17 00:29:43,234 INFO o.a.j.e.StandardJMeterEngine: Starting 100 threads for group Escenario Estres - 100 usuarios.
2026-05-17 00:29:43,234 INFO o.a.j.e.StandardJMeterEngine: Thread will continue on error
2026-05-17 00:29:43,234 INFO o.a.j.t.ThreadGroup: Starting thread group... number=3 threads=100 ramp-up=50 delayedStart=false
2026-05-17 00:29:43,235 INFO o.a.j.t.JMeterThread: Thread started: Escenario Estres - 100 usuarios 3-1
2026-05-17 00:29:43,261 INFO o.a.j.p.h.s.HTTPHCAbstractImpl: Local host = DESKTOP-NUCSM5D
2026-05-17 00:29:43,267 INFO o.a.j.t.ThreadGroup: Started thread group number 3
2026-05-17 00:29:43,267 INFO o.a.j.e.StandardJMeterEngine: All thread groups have been started
2026-05-17 00:29:43,272 INFO o.a.j.p.h.s.HTTPHC4Impl: HTTP request retry count = 0
2026-05-17 00:29:43,275 INFO o.a.j.s.SampleResult: Note: Sample TimeStamps are START times
2026-05-17 00:29:43,275 INFO o.a.j.s.SampleResult: sampleresult.default.encoding is set to UTF-8
2026-05-17 00:29:43,275 INFO o.a.j.s.SampleResult: sampleresult.useNanoTime=true
2026-05-17 00:29:43,275 INFO o.a.j.s.SampleResult: sampleresult.nanoThreadSleep=5000
2026-05-17 00:29:43,417 INFO o.a.j.t.JMeterThread: Thread started: Escenario Carga - 50 usuarios 2-2
2026-05-17 00:29:43,496 INFO o.a.j.t.JMeterThread: Thread is done: Escenario Carga - 50 usuarios 2-2
2026-05-17 00:29:43,497 INFO o.a.j.t.JMeterThread: Thread finished: Escenario Carga - 50 usuarios 2-2
2026-05-17 00:29:43,497 INFO o.a.j.t.JMeterThread: Thread is done: Escenario Carga - 50 usuarios 2-1
2026-05-17 00:29:43,497 INFO o.a.j.t.JMeterThread: Thread finished: Escenario Carga - 50 usuarios 2-1
2026-05-17 00:29:43,500 INFO o.a.j.t.JMeterThread: Thread is done: Escenario Estres - 100 usuarios 3-1
2026-05-17 00:29:43,500 INFO o.a.j.t.JMeterThread: Thread finished: Escenario Estres - 100 usuarios 3-1
2026-05-17 00:29:43,504 INFO o.a.j.t.JMeterThread: Thread is done: Escenario Normal - 5 usuarios 1-1
2026-05-17 00:29:43,505 INFO o.a.j.t.JMeterThread: Thread finished: Escenario Normal - 5 usuarios 1-1
2026-05-17 00:29:43,617 INFO o.a.j.t.JMeterThread: Thread started: Escenario Carga - 50 usuarios 2-3
2026-05-17 00:29:43,675 INFO o.a.j.t.JMeterThread: Thread is done: Escenario Carga - 50 usuarios 2-3
2026-05-17 00:29:43,675 INFO o.a.j.t.JMeterThread: Thread finished: Escenario Carga - 50 usuarios 2-3
2026-05-17 00:29:43,737 INFO o.a.j.t.JMeterThread: Thread started: Escenario Estres - 100 usuarios 3-2
2026-05-17 00:29:43,788 INFO o.a.j.t.JMeterThread: Thread is done: Escenario Estres - 100 usuarios 3-2
2026-05-17 00:29:43,788 INFO o.a.j.t.JMeterThread: Thread finished: Escenario Estres - 100 usuarios 3-2
2026-05-17 00:29:43,817 INFO o.a.j.t.JMeterThread: Thread started: Escenario Carga - 50 usuarios 2-4
2026-05-17 00:29:43,865 INFO o.a.j.t.JMeterThread: Thread is done: Escenario Carga - 50 usuarios 2-4
2026-05-17 00:29:43,865 INFO o.a.j.t.JMeterThread: Thread finished: Escenario Carga - 50 usuarios 2-4
2026-05-17 00:29:44,017 INFO o.a.j.t.JMeterThread: Thread started: Escenario Carga - 50 usuarios 2-5
2026-05-17 00:29:44,087 INFO o.a.j.t.JMeterThread: Thread is done: Escenario Carga - 50 usuarios 2-5
2026-05-17 00:29:44,087 INFO o.a.j.t.JMeterThread: Thread finished: Escenario Carga - 50 usuarios 2-5
2026-05-17 00:29:44,213 INFO o.a.j.t.JMeterThread: Thread started: Escenario Normal - 5 usuarios 1-2
2026-05-17 00:29:44,217 INFO o.a.j.t.JMeterThread: Thread started: Escenario Carga - 50 usuarios 2-6
2026-05-17 00:29:44,237 INFO o.a.j.t.JMeterThread: Thread started: Escenario Estres - 100 usuarios 3-3
2026-05-17 00:29:44,296 INFO o.a.j.t.JMeterThread: Thread is done: Escenario Normal - 5 usuarios 1-2
2026-05-17 00:29:44,296 INFO o.a.j.t.JMeterThread: Thread finished: Escenario Normal - 5 usuarios 1-2
2026-05-17 00:29:44,300 INFO o.a.j.t.JMeterThread: Thread is done: Escenario Carga - 50 usuarios 2-6
2026-05-17 00:29:44,300 INFO o.a.j.t.JMeterThread: Thread finished: Escenario Carga - 50 usuarios 2-6
2026-05-17 00:29:44,316 INFO o.a.j.t.JMeterThread: Thread is done: Escenario Estres - 100 usuarios 3-3
2026-05-17 00:29:44,316 INFO o.a.j.t.JMeterThread: Thread finished: Escenario Estres - 100 usuarios 3-3
2026-05-17 00:29:44,415 INFO o.a.j.t.JMeterThread: Thread started: Escenario Carga - 50 usuarios 2-7
2026-05-17 00:29:44,473 INFO o.a.j.t.JMeterThread: Thread is done: Escenario Carga - 50 usuarios 2-7
2026-05-17 00:29:44,474 INFO o.a.j.t.JMeterThread: Thread finished: Escenario Carga - 50 usuarios 2-7
2026-05-17 00:29:44,616 INFO o.a.j.t.JMeterThread: Thread started: Escenario Carga - 50 usuarios 2-8
2026-05-17 00:29:44,694 INFO o.a.j.t.JMeterThread: Thread is done: Escenario Carga - 50 usuarios 2-8
2026-05-17 00:29:44,694 INFO o.a.j.t.JMeterThread: Thread finished: Escenario Carga - 50 usuarios 2-8
2026-05-17 00:29:44,735 INFO o.a.j.t.JMeterThread: Thread started: Escenario Estres - 100 usuarios 3-4
2026-05-17 00:29:44,794 INFO o.a.j.t.JMeterThread: Thread is done: Escenario Estres - 100 usuarios 3-4
2026-05-17 00:29:44,794 INFO o.a.j.t.JMeterThread: Thread finished: Escenario Estres - 100 usuarios 3-4
2026-05-17 00:29:44,815 INFO o.a.j.t.JMeterThread: Thread started: Escenario Carga - 50 usuarios 2-9
2026-05-17 00:29:44,869 INFO o.a.j.t.JMeterThread: Thread is done: Escenario Carga - 50 usuarios 2-9
2026-05-17 00:29:44,869 INFO o.a.j.t.JMeterThread: Thread finished: Escenario Carga - 50 usuarios 2-9
2026-05-17 00:29:45,017 INFO o.a.j.t.JMeterThread: Thread started: Escenario Carga - 50 usuarios 2-10
2026-05-17 00:29:45,072 INFO o.a.j.t.JMeterThread: Thread is done: Escenario Carga - 50 usuarios 2-10
2026-05-17 00:29:45,072 INFO o.a.j.t.JMeterThread: Thread finished: Escenario Carga - 50 usuarios 2-10
2026-05-17 00:29:45,212 INFO o.a.j.t.JMeterThread: Thread started: Escenario Normal - 5 usuarios 1-3
2026-05-17 00:29:45,216 INFO o.a.j.t.JMeterThread: Thread started: Escenario Carga - 50 usuarios 2-11
2026-05-17 00:29:45,236 INFO o.a.j.t.JMeterThread: Thread started: Escenario Estres - 100 usuarios 3-5
2026-05-17 00:29:45,296 INFO o.a.j.t.JMeterThread: Thread is done: Escenario Normal - 5 usuarios 1-3
2026-05-17 00:29:45,297 INFO o.a.j.t.JMeterThread: Thread finished: Escenario Normal - 5 usuarios 1-3
2026-05-17 00:29:45,300 INFO o.a.j.t.JMeterThread: Thread is done: Escenario Carga - 50 usuarios 2-11
2026-05-17 00:29:45,300 INFO o.a.j.t.JMeterThread: Thread finished: Escenario Carga - 50 usuarios 2-11
2026-05-17 00:29:45,312 INFO o.a.j.t.JMeterThread: Thread is done: Escenario Estres - 100 usuarios 3-5
2026-05-17 00:29:45,312 INFO o.a.j.t.JMeterThread: Thread finished: Escenario Estres - 100 usuarios 3-5
2026-05-17 00:29:45,417 INFO o.a.j.t.JMeterThread: Thread started: Escenario Carga - 50 usuarios 2-12
2026-05-17 00:29:45,476 INFO o.a.j.t.JMeterThread: Thread is done: Escenario Carga - 50 usuarios 2-12
2026-05-17 00:29:45,476 INFO o.a.j.t.JMeterThread: Thread finished: Escenario Carga - 50 usuarios 2-12
2026-05-17 00:29:45,617 INFO o.a.j.t.JMeterThread: Thread started: Escenario Carga - 50 usuarios 2-13
2026-05-17 00:29:45,684 INFO o.a.j.t.JMeterThread: Thread is done: Escenario Carga - 50 usuarios 2-13
2026-05-17 00:29:45,684 INFO o.a.j.t.JMeterThread: Thread finished: Escenario Carga - 50 usuarios 2-13
2026-05-17 00:29:45,736 INFO o.a.j.t.JMeterThread: Thread started: Escenario Estres - 100 usuarios 3-6
2026-05-17 00:29:45,799 INFO o.a.j.t.JMeterThread: Thread is done: Escenario Estres - 100 usuarios 3-6
2026-05-17 00:29:45,799 INFO o.a.j.t.JMeterThread: Thread finished: Escenario Estres - 100 usuarios 3-6
2026-05-17 00:29:45,818 INFO o.a.j.t.JMeterThread: Thread started: Escenario Carga - 50 usuarios 2-14
2026-05-17 00:29:45,885 INFO o.a.j.t.JMeterThread: Thread is done: Escenario Carga - 50 usuarios 2-14
2026-05-17 00:29:45,886 INFO o.a.j.t.JMeterThread: Thread finished: Escenario Carga - 50 usuarios 2-14
2026-05-17 00:29:46,018 INFO o.a.j.t.JMeterThread: Thread started: Escenario Carga - 50 usuarios 2-15
2026-05-17 00:29:46,087 INFO o.a.j.t.JMeterThread: Thread is done: Escenario Carga - 50 usuarios 2-15
2026-05-17 00:29:46,087 INFO o.a.j.t.JMeterThread: Thread finished: Escenario Carga - 50 usuarios 2-15
2026-05-17 00:29:46,211 INFO o.a.j.t.JMeterThread: Thread started: Escenario Normal - 5 usuarios 1-4
2026-05-17 00:29:46,216 INFO o.a.j.t.JMeterThread: Thread started: Escenario Carga - 50 usuarios 2-16
2026-05-17 00:29:46,236 INFO o.a.j.t.JMeterThread: Thread started: Escenario Estres - 100 usuarios 3-7
2026-05-17 00:29:46,312 INFO o.a.j.t.JMeterThread: Thread is done: Escenario Normal - 5 usuarios 1-4
2026-05-17 00:29:46,312 INFO o.a.j.t.JMeterThread: Thread finished: Escenario Normal - 5 usuarios 1-4
2026-05-17 00:29:46,319 INFO o.a.j.t.JMeterThread: Thread is done: Escenario Carga - 50 usuarios 2-16
2026-05-17 00:29:46,319 INFO o.a.j.t.JMeterThread: Thread finished: Escenario Carga - 50 usuarios 2-16
2026-05-17 00:29:46,339 INFO o.a.j.t.JMeterThread: Thread is done: Escenario Estres - 100 usuarios 3-7
2026-05-17 00:29:46,340 INFO o.a.j.t.JMeterThread: Thread finished: Escenario Estres - 100 usuarios 3-7
2026-05-17 00:29:46,416 INFO o.a.j.t.JMeterThread: Thread started: Escenario Carga - 50 usuarios 2-17
2026-05-17 00:29:46,468 INFO o.a.j.t.JMeterThread: Thread is done: Escenario Carga - 50 usuarios 2-17
2026-05-17 00:29:46,469 INFO o.a.j.t.JMeterThread: Thread finished: Escenario Carga - 50 usuarios 2-17
2026-05-17 00:29:46,616 INFO o.a.j.t.JMeterThread: Thread started: Escenario Carga - 50 usuarios 2-18
2026-05-17 00:29:46,665 INFO o.a.j.t.JMeterThread: Thread is done: Escenario Carga - 50 usuarios 2-18
2026-05-17 00:29:46,665 INFO o.a.j.t.JMeterThread: Thread finished: Escenario Carga - 50 usuarios 2-18
2026-05-17 00:29:46,738 INFO o.a.j.t.JMeterThread: Thread started: Escenario Estres - 100 usuarios 3-8
2026-05-17 00:29:46,785 INFO o.a.j.t.JMeterThread: Thread is done: Escenario Estres - 100 usuarios 3-8
2026-05-17 00:29:46,785 INFO o.a.j.t.JMeterThread: Thread finished: Escenario Estres - 100 usuarios 3-8
2026-05-17 00:29:46,816 INFO o.a.j.t.JMeterThread: Thread started: Escenario Carga - 50 usuarios 2-19
2026-05-17 00:29:46,863 INFO o.a.j.t.JMeterThread: Thread is done: Escenario Carga - 50 usuarios 2-19
2026-05-17 00:29:46,863 INFO o.a.j.t.JMeterThread: Thread finished: Escenario Carga - 50 usuarios 2-19
2026-05-17 00:29:47,017 INFO o.a.j.t.JMeterThread: Thread started: Escenario Carga - 50 usuarios 2-20
2026-05-17 00:29:47,064 INFO o.a.j.t.JMeterThread: Thread is done: Escenario Carga - 50 usuarios 2-20
2026-05-17 00:29:47,064 INFO o.a.j.t.JMeterThread: Thread finished: Escenario Carga - 50 usuarios 2-20
2026-05-17 00:29:47,210 INFO o.a.j.t.JMeterThread: Thread started: Escenario Normal - 5 usuarios 1-5
2026-05-17 00:29:47,216 INFO o.a.j.t.JMeterThread: Thread started: Escenario Carga - 50 usuarios 2-21
2026-05-17 00:29:47,237 INFO o.a.j.t.JMeterThread: Thread started: Escenario Estres - 100 usuarios 3-9
2026-05-17 00:29:47,270 INFO o.a.j.t.JMeterThread: Thread is done: Escenario Normal - 5 usuarios 1-5
2026-05-17 00:29:47,271 INFO o.a.j.t.JMeterThread: Thread finished: Escenario Normal - 5 usuarios 1-5
2026-05-17 00:29:47,277 INFO o.a.j.t.JMeterThread: Thread is done: Escenario Carga - 50 usuarios 2-21
2026-05-17 00:29:47,278 INFO o.a.j.t.JMeterThread: Thread finished: Escenario Carga - 50 usuarios 2-21
2026-05-17 00:29:47,299 INFO o.a.j.t.JMeterThread: Thread is done: Escenario Estres - 100 usuarios 3-9
2026-05-17 00:29:47,310 INFO o.a.j.t.JMeterThread: Thread finished: Escenario Estres - 100 usuarios 3-9
2026-05-17 00:29:47,415 INFO o.a.j.t.JMeterThread: Thread started: Escenario Carga - 50 usuarios 2-22
2026-05-17 00:29:47,461 INFO o.a.j.t.JMeterThread: Thread is done: Escenario Carga - 50 usuarios 2-22
2026-05-17 00:29:47,461 INFO o.a.j.t.JMeterThread: Thread finished: Escenario Carga - 50 usuarios 2-22
2026-05-17 00:29:47,616 INFO o.a.j.t.JMeterThread: Thread started: Escenario Carga - 50 usuarios 2-23
2026-05-17 00:29:47,663 INFO o.a.j.t.JMeterThread: Thread is done: Escenario Carga - 50 usuarios 2-23
2026-05-17 00:29:47,664 INFO o.a.j.t.JMeterThread: Thread finished: Escenario Carga - 50 usuarios 2-23
2026-05-17 00:29:47,737 INFO o.a.j.t.JMeterThread: Thread started: Escenario Estres - 100 usuarios 3-10
2026-05-17 00:29:47,787 INFO o.a.j.t.JMeterThread: Thread is done: Escenario Estres - 100 usuarios 3-10
2026-05-17 00:29:47,787 INFO o.a.j.t.JMeterThread: Thread finished: Escenario Estres - 100 usuarios 3-10
2026-05-17 00:29:47,816 INFO o.a.j.t.JMeterThread: Thread started: Escenario Carga - 50 usuarios 2-24
2026-05-17 00:29:47,887 INFO o.a.j.t.JMeterThread: Thread is done: Escenario Carga - 50 usuarios 2-24
2026-05-17 00:29:47,887 INFO o.a.j.t.JMeterThread: Thread finished: Escenario Carga - 50 usuarios 2-24
2026-05-17 00:29:48,016 INFO o.a.j.t.JMeterThread: Thread started: Escenario Carga - 50 usuarios 2-25
2026-05-17 00:29:48,067 INFO o.a.j.t.JMeterThread: Thread is done: Escenario Carga - 50 usuarios 2-25
2026-05-17 00:29:48,067 INFO o.a.j.t.JMeterThread: Thread finished: Escenario Carga - 50 usuarios 2-25
2026-05-17 00:29:48,216 INFO o.a.j.t.JMeterThread: Thread started: Escenario Carga - 50 usuarios 2-26
2026-05-17 00:29:48,237 INFO o.a.j.t.JMeterThread: Thread started: Escenario Estres - 100 usuarios 3-11
2026-05-17 00:29:48,268 INFO o.a.j.t.JMeterThread: Thread is done: Escenario Carga - 50 usuarios 2-26
2026-05-17 00:29:48,269 INFO o.a.j.t.JMeterThread: Thread finished: Escenario Carga - 50 usuarios 2-26
2026-05-17 00:29:48,287 INFO o.a.j.t.JMeterThread: Thread is done: Escenario Estres - 100 usuarios 3-11
2026-05-17 00:29:48,287 INFO o.a.j.t.JMeterThread: Thread finished: Escenario Estres - 100 usuarios 3-11
2026-05-17 00:29:48,416 INFO o.a.j.t.JMeterThread: Thread started: Escenario Carga - 50 usuarios 2-27
2026-05-17 00:29:48,457 INFO o.a.j.t.JMeterThread: Thread is done: Escenario Carga - 50 usuarios 2-27
2026-05-17 00:29:48,457 INFO o.a.j.t.JMeterThread: Thread finished: Escenario Carga - 50 usuarios 2-27
2026-05-17 00:29:48,616 INFO o.a.j.t.JMeterThread: Thread started: Escenario Carga - 50 usuarios 2-28
2026-05-17 00:29:48,663 INFO o.a.j.t.JMeterThread: Thread is done: Escenario Carga - 50 usuarios 2-28
2026-05-17 00:29:48,663 INFO o.a.j.t.JMeterThread: Thread finished: Escenario Carga - 50 usuarios 2-28
2026-05-17 00:29:48,736 INFO o.a.j.t.JMeterThread: Thread started: Escenario Estres - 100 usuarios 3-12
2026-05-17 00:29:48,779 INFO o.a.j.t.JMeterThread: Thread is done: Escenario Estres - 100 usuarios 3-12
2026-05-17 00:29:48,779 INFO o.a.j.t.JMeterThread: Thread finished: Escenario Estres - 100 usuarios 3-12
2026-05-17 00:29:48,816 INFO o.a.j.t.JMeterThread: Thread started: Escenario Carga - 50 usuarios 2-29
2026-05-17 00:29:48,862 INFO o.a.j.t.JMeterThread: Thread is done: Escenario Carga - 50 usuarios 2-29
2026-05-17 00:29:48,862 INFO o.a.j.t.JMeterThread: Thread finished: Escenario Carga - 50 usuarios 2-29
2026-05-17 00:29:49,016 INFO o.a.j.t.JMeterThread: Thread started: Escenario Carga - 50 usuarios 2-30
2026-05-17 00:29:49,069 INFO o.a.j.t.JMeterThread: Thread is done: Escenario Carga - 50 usuarios 2-30
2026-05-17 00:29:49,069 INFO o.a.j.t.JMeterThread: Thread finished: Escenario Carga - 50 usuarios 2-30
2026-05-17 00:29:49,216 INFO o.a.j.t.JMeterThread: Thread started: Escenario Carga - 50 usuarios 2-31
2026-05-17 00:29:49,236 INFO o.a.j.t.JMeterThread: Thread started: Escenario Estres - 100 usuarios 3-13
2026-05-17 00:29:49,268 INFO o.a.j.t.JMeterThread: Thread is done: Escenario Carga - 50 usuarios 2-31
2026-05-17 00:29:49,268 INFO o.a.j.t.JMeterThread: Thread finished: Escenario Carga - 50 usuarios 2-31
2026-05-17 00:29:49,286 INFO o.a.j.t.JMeterThread: Thread is done: Escenario Estres - 100 usuarios 3-13
2026-05-17 00:29:49,286 INFO o.a.j.t.JMeterThread: Thread finished: Escenario Estres - 100 usuarios 3-13
2026-05-17 00:29:49,416 INFO o.a.j.t.JMeterThread: Thread started: Escenario Carga - 50 usuarios 2-32
2026-05-17 00:29:49,470 INFO o.a.j.t.JMeterThread: Thread is done: Escenario Carga - 50 usuarios 2-32
2026-05-17 00:29:49,470 INFO o.a.j.t.JMeterThread: Thread finished: Escenario Carga - 50 usuarios 2-32
2026-05-17 00:29:49,616 INFO o.a.j.t.JMeterThread: Thread started: Escenario Carga - 50 usuarios 2-33
2026-05-17 00:29:49,669 INFO o.a.j.t.JMeterThread: Thread is done: Escenario Carga - 50 usuarios 2-33
2026-05-17 00:29:49,669 INFO o.a.j.t.JMeterThread: Thread finished: Escenario Carga - 50 usuarios 2-33
2026-05-17 00:29:49,737 INFO o.a.j.t.JMeterThread: Thread started: Escenario Estres - 100 usuarios 3-14
2026-05-17 00:29:49,815 INFO o.a.j.t.JMeterThread: Thread started: Escenario Carga - 50 usuarios 2-34
2026-05-17 00:29:49,815 INFO o.a.j.t.JMeterThread: Thread is done: Escenario Estres - 100 usuarios 3-14
2026-05-17 00:29:49,815 INFO o.a.j.t.JMeterThread: Thread finished: Escenario Estres - 100 usuarios 3-14
2026-05-17 00:29:49,860 INFO o.a.j.t.JMeterThread: Thread is done: Escenario Carga - 50 usuarios 2-34
2026-05-17 00:29:49,860 INFO o.a.j.t.JMeterThread: Thread finished: Escenario Carga - 50 usuarios 2-34
2026-05-17 00:29:50,016 INFO o.a.j.t.JMeterThread: Thread started: Escenario Carga - 50 usuarios 2-35
2026-05-17 00:29:50,064 INFO o.a.j.t.JMeterThread: Thread is done: Escenario Carga - 50 usuarios 2-35
2026-05-17 00:29:50,064 INFO o.a.j.t.JMeterThread: Thread finished: Escenario Carga - 50 usuarios 2-35
2026-05-17 00:29:50,216 INFO o.a.j.t.JMeterThread: Thread started: Escenario Carga - 50 usuarios 2-36
2026-05-17 00:29:50,236 INFO o.a.j.t.JMeterThread: Thread started: Escenario Estres - 100 usuarios 3-15
2026-05-17 00:29:50,257 INFO o.a.j.t.JMeterThread: Thread is done: Escenario Carga - 50 usuarios 2-36
2026-05-17 00:29:50,258 INFO o.a.j.t.JMeterThread: Thread finished: Escenario Carga - 50 usuarios 2-36
2026-05-17 00:29:50,276 INFO o.a.j.t.JMeterThread: Thread is done: Escenario Estres - 100 usuarios 3-15
2026-05-17 00:29:50,277 INFO o.a.j.t.JMeterThread: Thread finished: Escenario Estres - 100 usuarios 3-15
2026-05-17 00:29:50,416 INFO o.a.j.t.JMeterThread: Thread started: Escenario Carga - 50 usuarios 2-37
2026-05-17 00:29:50,453 INFO o.a.j.t.JMeterThread: Thread is done: Escenario Carga - 50 usuarios 2-37
2026-05-17 00:29:50,453 INFO o.a.j.t.JMeterThread: Thread finished: Escenario Carga - 50 usuarios 2-37
2026-05-17 00:29:50,616 INFO o.a.j.t.JMeterThread: Thread started: Escenario Carga - 50 usuarios 2-38
2026-05-17 00:29:50,652 INFO o.a.j.t.JMeterThread: Thread is done: Escenario Carga - 50 usuarios 2-38
2026-05-17 00:29:50,652 INFO o.a.j.t.JMeterThread: Thread finished: Escenario Carga - 50 usuarios 2-38
2026-05-17 00:29:50,735 INFO o.a.j.t.JMeterThread: Thread started: Escenario Estres - 100 usuarios 3-16
2026-05-17 00:29:50,780 INFO o.a.j.t.JMeterThread: Thread is done: Escenario Estres - 100 usuarios 3-16
2026-05-17 00:29:50,780 INFO o.a.j.t.JMeterThread: Thread finished: Escenario Estres - 100 usuarios 3-16
2026-05-17 00:29:50,816 INFO o.a.j.t.JMeterThread: Thread started: Escenario Carga - 50 usuarios 2-39
2026-05-17 00:29:50,862 INFO o.a.j.t.JMeterThread: Thread is done: Escenario Carga - 50 usuarios 2-39
2026-05-17 00:29:50,862 INFO o.a.j.t.JMeterThread: Thread finished: Escenario Carga - 50 usuarios 2-39
2026-05-17 00:29:51,016 INFO o.a.j.t.JMeterThread: Thread started: Escenario Carga - 50 usuarios 2-40
2026-05-17 00:29:51,064 INFO o.a.j.t.JMeterThread: Thread is done: Escenario Carga - 50 usuarios 2-40
2026-05-17 00:29:51,065 INFO o.a.j.t.JMeterThread: Thread finished: Escenario Carga - 50 usuarios 2-40
2026-05-17 00:29:51,215 INFO o.a.j.t.JMeterThread: Thread started: Escenario Carga - 50 usuarios 2-41
2026-05-17 00:29:51,235 INFO o.a.j.t.JMeterThread: Thread started: Escenario Estres - 100 usuarios 3-17
2026-05-17 00:29:51,259 INFO o.a.j.t.JMeterThread: Thread is done: Escenario Carga - 50 usuarios 2-41
2026-05-17 00:29:51,259 INFO o.a.j.t.JMeterThread: Thread finished: Escenario Carga - 50 usuarios 2-41
2026-05-17 00:29:51,279 INFO o.a.j.t.JMeterThread: Thread is done: Escenario Estres - 100 usuarios 3-17
2026-05-17 00:29:51,279 INFO o.a.j.t.JMeterThread: Thread finished: Escenario Estres - 100 usuarios 3-17
2026-05-17 00:29:51,416 INFO o.a.j.t.JMeterThread: Thread started: Escenario Carga - 50 usuarios 2-42
2026-05-17 00:29:51,452 INFO o.a.j.t.JMeterThread: Thread is done: Escenario Carga - 50 usuarios 2-42
2026-05-17 00:29:51,453 INFO o.a.j.t.JMeterThread: Thread finished: Escenario Carga - 50 usuarios 2-42
2026-05-17 00:29:51,617 INFO o.a.j.t.JMeterThread: Thread started: Escenario Carga - 50 usuarios 2-43
2026-05-17 00:29:51,660 INFO o.a.j.t.JMeterThread: Thread is done: Escenario Carga - 50 usuarios 2-43
2026-05-17 00:29:51,660 INFO o.a.j.t.JMeterThread: Thread finished: Escenario Carga - 50 usuarios 2-43
2026-05-17 00:29:51,737 INFO o.a.j.t.JMeterThread: Thread started: Escenario Estres - 100 usuarios 3-18
2026-05-17 00:29:51,776 INFO o.a.j.t.JMeterThread: Thread is done: Escenario Estres - 100 usuarios 3-18
2026-05-17 00:29:51,776 INFO o.a.j.t.JMeterThread: Thread finished: Escenario Estres - 100 usuarios 3-18
2026-05-17 00:29:51,818 INFO o.a.j.t.JMeterThread: Thread started: Escenario Carga - 50 usuarios 2-44
2026-05-17 00:29:51,853 INFO o.a.j.t.JMeterThread: Thread is done: Escenario Carga - 50 usuarios 2-44
2026-05-17 00:29:51,853 INFO o.a.j.t.JMeterThread: Thread finished: Escenario Carga - 50 usuarios 2-44
2026-05-17 00:29:52,017 INFO o.a.j.t.JMeterThread: Thread started: Escenario Carga - 50 usuarios 2-45
2026-05-17 00:29:52,051 INFO o.a.j.t.JMeterThread: Thread is done: Escenario Carga - 50 usuarios 2-45
2026-05-17 00:29:52,052 INFO o.a.j.t.JMeterThread: Thread finished: Escenario Carga - 50 usuarios 2-45
2026-05-17 00:29:52,216 INFO o.a.j.t.JMeterThread: Thread started: Escenario Carga - 50 usuarios 2-46
2026-05-17 00:29:52,237 INFO o.a.j.t.JMeterThread: Thread started: Escenario Estres - 100 usuarios 3-19
2026-05-17 00:29:52,253 INFO o.a.j.t.JMeterThread: Thread is done: Escenario Carga - 50 usuarios 2-46
2026-05-17 00:29:52,254 INFO o.a.j.t.JMeterThread: Thread finished: Escenario Carga - 50 usuarios 2-46
2026-05-17 00:29:52,273 INFO o.a.j.t.JMeterThread: Thread is done: Escenario Estres - 100 usuarios 3-19
2026-05-17 00:29:52,274 INFO o.a.j.t.JMeterThread: Thread finished: Escenario Estres - 100 usuarios 3-19
2026-05-17 00:29:52,415 INFO o.a.j.t.JMeterThread: Thread started: Escenario Carga - 50 usuarios 2-47
2026-05-17 00:29:52,450 INFO o.a.j.t.JMeterThread: Thread is done: Escenario Carga - 50 usuarios 2-47
2026-05-17 00:29:52,450 INFO o.a.j.t.JMeterThread: Thread finished: Escenario Carga - 50 usuarios 2-47
2026-05-17 00:29:52,616 INFO o.a.j.t.JMeterThread: Thread started: Escenario Carga - 50 usuarios 2-48
2026-05-17 00:29:52,650 INFO o.a.j.t.JMeterThread: Thread is done: Escenario Carga - 50 usuarios 2-48
2026-05-17 00:29:52,650 INFO o.a.j.t.JMeterThread: Thread finished: Escenario Carga - 50 usuarios 2-48
2026-05-17 00:29:52,736 INFO o.a.j.t.JMeterThread: Thread started: Escenario Estres - 100 usuarios 3-20
2026-05-17 00:29:52,793 INFO o.a.j.t.JMeterThread: Thread is done: Escenario Estres - 100 usuarios 3-20
2026-05-17 00:29:52,793 INFO o.a.j.t.JMeterThread: Thread finished: Escenario Estres - 100 usuarios 3-20
2026-05-17 00:29:52,816 INFO o.a.j.t.JMeterThread: Thread started: Escenario Carga - 50 usuarios 2-49
2026-05-17 00:29:52,851 INFO o.a.j.t.JMeterThread: Thread is done: Escenario Carga - 50 usuarios 2-49
2026-05-17 00:29:52,852 INFO o.a.j.t.JMeterThread: Thread finished: Escenario Carga - 50 usuarios 2-49
2026-05-17 00:29:53,015 INFO o.a.j.t.JMeterThread: Thread started: Escenario Carga - 50 usuarios 2-50
2026-05-17 00:29:53,056 INFO o.a.j.t.JMeterThread: Thread is done: Escenario Carga - 50 usuarios 2-50
2026-05-17 00:29:53,056 INFO o.a.j.t.JMeterThread: Thread finished: Escenario Carga - 50 usuarios 2-50
2026-05-17 00:29:53,236 INFO o.a.j.t.JMeterThread: Thread started: Escenario Estres - 100 usuarios 3-21
2026-05-17 00:29:53,277 INFO o.a.j.t.JMeterThread: Thread is done: Escenario Estres - 100 usuarios 3-21
2026-05-17 00:29:53,277 INFO o.a.j.t.JMeterThread: Thread finished: Escenario Estres - 100 usuarios 3-21
2026-05-17 00:29:53,736 INFO o.a.j.t.JMeterThread: Thread started: Escenario Estres - 100 usuarios 3-22
2026-05-17 00:29:53,781 INFO o.a.j.t.JMeterThread: Thread is done: Escenario Estres - 100 usuarios 3-22
2026-05-17 00:29:53,781 INFO o.a.j.t.JMeterThread: Thread finished: Escenario Estres - 100 usuarios 3-22
2026-05-17 00:29:54,236 INFO o.a.j.t.JMeterThread: Thread started: Escenario Estres - 100 usuarios 3-23
2026-05-17 00:29:54,283 INFO o.a.j.t.JMeterThread: Thread is done: Escenario Estres - 100 usuarios 3-23
2026-05-17 00:29:54,283 INFO o.a.j.t.JMeterThread: Thread finished: Escenario Estres - 100 usuarios 3-23
2026-05-17 00:29:54,736 INFO o.a.j.t.JMeterThread: Thread started: Escenario Estres - 100 usuarios 3-24
2026-05-17 00:29:54,773 INFO o.a.j.t.JMeterThread: Thread is done: Escenario Estres - 100 usuarios 3-24
2026-05-17 00:29:54,773 INFO o.a.j.t.JMeterThread: Thread finished: Escenario Estres - 100 usuarios 3-24
2026-05-17 00:29:55,237 INFO o.a.j.t.JMeterThread: Thread started: Escenario Estres - 100 usuarios 3-25
2026-05-17 00:29:55,283 INFO o.a.j.t.JMeterThread: Thread is done: Escenario Estres - 100 usuarios 3-25
2026-05-17 00:29:55,283 INFO o.a.j.t.JMeterThread: Thread finished: Escenario Estres - 100 usuarios 3-25
2026-05-17 00:29:55,736 INFO o.a.j.t.JMeterThread: Thread started: Escenario Estres - 100 usuarios 3-26
2026-05-17 00:29:55,783 INFO o.a.j.t.JMeterThread: Thread is done: Escenario Estres - 100 usuarios 3-26
2026-05-17 00:29:55,783 INFO o.a.j.t.JMeterThread: Thread finished: Escenario Estres - 100 usuarios 3-26
2026-05-17 00:29:56,237 INFO o.a.j.t.JMeterThread: Thread started: Escenario Estres - 100 usuarios 3-27
2026-05-17 00:29:56,277 INFO o.a.j.t.JMeterThread: Thread is done: Escenario Estres - 100 usuarios 3-27
2026-05-17 00:29:56,277 INFO o.a.j.t.JMeterThread: Thread finished: Escenario Estres - 100 usuarios 3-27
2026-05-17 00:29:56,737 INFO o.a.j.t.JMeterThread: Thread started: Escenario Estres - 100 usuarios 3-28
2026-05-17 00:29:56,769 INFO o.a.j.t.JMeterThread: Thread is done: Escenario Estres - 100 usuarios 3-28
2026-05-17 00:29:56,770 INFO o.a.j.t.JMeterThread: Thread finished: Escenario Estres - 100 usuarios 3-28
2026-05-17 00:29:57,237 INFO o.a.j.t.JMeterThread: Thread started: Escenario Estres - 100 usuarios 3-29
2026-05-17 00:29:57,270 INFO o.a.j.t.JMeterThread: Thread is done: Escenario Estres - 100 usuarios 3-29
2026-05-17 00:29:57,270 INFO o.a.j.t.JMeterThread: Thread finished: Escenario Estres - 100 usuarios 3-29
2026-05-17 00:29:57,736 INFO o.a.j.t.JMeterThread: Thread started: Escenario Estres - 100 usuarios 3-30
2026-05-17 00:29:57,767 INFO o.a.j.t.JMeterThread: Thread is done: Escenario Estres - 100 usuarios 3-30
2026-05-17 00:29:57,767 INFO o.a.j.t.JMeterThread: Thread finished: Escenario Estres - 100 usuarios 3-30
2026-05-17 00:29:58,235 INFO o.a.j.t.JMeterThread: Thread started: Escenario Estres - 100 usuarios 3-31
2026-05-17 00:29:58,278 INFO o.a.j.t.JMeterThread: Thread is done: Escenario Estres - 100 usuarios 3-31
2026-05-17 00:29:58,278 INFO o.a.j.t.JMeterThread: Thread finished: Escenario Estres - 100 usuarios 3-31
2026-05-17 00:29:58,736 INFO o.a.j.t.JMeterThread: Thread started: Escenario Estres - 100 usuarios 3-32
2026-05-17 00:29:58,767 INFO o.a.j.t.JMeterThread: Thread is done: Escenario Estres - 100 usuarios 3-32
2026-05-17 00:29:58,768 INFO o.a.j.t.JMeterThread: Thread finished: Escenario Estres - 100 usuarios 3-32
2026-05-17 00:29:59,236 INFO o.a.j.t.JMeterThread: Thread started: Escenario Estres - 100 usuarios 3-33
2026-05-17 00:29:59,267 INFO o.a.j.t.JMeterThread: Thread is done: Escenario Estres - 100 usuarios 3-33
2026-05-17 00:29:59,268 INFO o.a.j.t.JMeterThread: Thread finished: Escenario Estres - 100 usuarios 3-33
2026-05-17 00:29:59,737 INFO o.a.j.t.JMeterThread: Thread started: Escenario Estres - 100 usuarios 3-34
2026-05-17 00:29:59,769 INFO o.a.j.t.JMeterThread: Thread is done: Escenario Estres - 100 usuarios 3-34
2026-05-17 00:29:59,769 INFO o.a.j.t.JMeterThread: Thread finished: Escenario Estres - 100 usuarios 3-34
2026-05-17 00:30:00,236 INFO o.a.j.t.JMeterThread: Thread started: Escenario Estres - 100 usuarios 3-35
2026-05-17 00:30:00,249 INFO o.a.j.r.Summariser: summary +    446 in 00:00:17 =   26.1/s Avg:    10 Min:     5 Max:    75 Err:     0 (0.00%) Active: 1 Started: 90 Finished: 89
2026-05-17 00:30:00,275 INFO o.a.j.t.JMeterThread: Thread is done: Escenario Estres - 100 usuarios 3-35
2026-05-17 00:30:00,276 INFO o.a.j.t.JMeterThread: Thread finished: Escenario Estres - 100 usuarios 3-35
2026-05-17 00:30:00,735 INFO o.a.j.t.JMeterThread: Thread started: Escenario Estres - 100 usuarios 3-36
2026-05-17 00:30:00,780 INFO o.a.j.t.JMeterThread: Thread is done: Escenario Estres - 100 usuarios 3-36
2026-05-17 00:30:00,780 INFO o.a.j.t.JMeterThread: Thread finished: Escenario Estres - 100 usuarios 3-36
2026-05-17 00:30:01,237 INFO o.a.j.t.JMeterThread: Thread started: Escenario Estres - 100 usuarios 3-37
2026-05-17 00:30:01,269 INFO o.a.j.t.JMeterThread: Thread is done: Escenario Estres - 100 usuarios 3-37
2026-05-17 00:30:01,269 INFO o.a.j.t.JMeterThread: Thread finished: Escenario Estres - 100 usuarios 3-37
2026-05-17 00:30:01,736 INFO o.a.j.t.JMeterThread: Thread started: Escenario Estres - 100 usuarios 3-38
2026-05-17 00:30:01,769 INFO o.a.j.t.JMeterThread: Thread is done: Escenario Estres - 100 usuarios 3-38
2026-05-17 00:30:01,769 INFO o.a.j.t.JMeterThread: Thread finished: Escenario Estres - 100 usuarios 3-38
2026-05-17 00:30:02,237 INFO o.a.j.t.JMeterThread: Thread started: Escenario Estres - 100 usuarios 3-39
2026-05-17 00:30:02,267 INFO o.a.j.t.JMeterThread: Thread is done: Escenario Estres - 100 usuarios 3-39
2026-05-17 00:30:02,292 INFO o.a.j.t.JMeterThread: Thread finished: Escenario Estres - 100 usuarios 3-39
2026-05-17 00:30:02,736 INFO o.a.j.t.JMeterThread: Thread started: Escenario Estres - 100 usuarios 3-40
2026-05-17 00:30:02,767 INFO o.a.j.t.JMeterThread: Thread is done: Escenario Estres - 100 usuarios 3-40
2026-05-17 00:30:02,768 INFO o.a.j.t.JMeterThread: Thread finished: Escenario Estres - 100 usuarios 3-40
2026-05-17 00:30:03,236 INFO o.a.j.t.JMeterThread: Thread started: Escenario Estres - 100 usuarios 3-41
2026-05-17 00:30:03,269 INFO o.a.j.t.JMeterThread: Thread is done: Escenario Estres - 100 usuarios 3-41
2026-05-17 00:30:03,269 INFO o.a.j.t.JMeterThread: Thread finished: Escenario Estres - 100 usuarios 3-41
2026-05-17 00:30:03,738 INFO o.a.j.t.JMeterThread: Thread started: Escenario Estres - 100 usuarios 3-42
2026-05-17 00:30:03,769 INFO o.a.j.t.JMeterThread: Thread is done: Escenario Estres - 100 usuarios 3-42
2026-05-17 00:30:03,769 INFO o.a.j.t.JMeterThread: Thread finished: Escenario Estres - 100 usuarios 3-42
2026-05-17 00:30:04,236 INFO o.a.j.t.JMeterThread: Thread started: Escenario Estres - 100 usuarios 3-43
2026-05-17 00:30:04,266 INFO o.a.j.t.JMeterThread: Thread is done: Escenario Estres - 100 usuarios 3-43
2026-05-17 00:30:04,266 INFO o.a.j.t.JMeterThread: Thread finished: Escenario Estres - 100 usuarios 3-43
2026-05-17 00:30:04,737 INFO o.a.j.t.JMeterThread: Thread started: Escenario Estres - 100 usuarios 3-44
2026-05-17 00:30:04,768 INFO o.a.j.t.JMeterThread: Thread is done: Escenario Estres - 100 usuarios 3-44
2026-05-17 00:30:04,768 INFO o.a.j.t.JMeterThread: Thread finished: Escenario Estres - 100 usuarios 3-44
2026-05-17 00:30:05,236 INFO o.a.j.t.JMeterThread: Thread started: Escenario Estres - 100 usuarios 3-45
2026-05-17 00:30:05,269 INFO o.a.j.t.JMeterThread: Thread is done: Escenario Estres - 100 usuarios 3-45
2026-05-17 00:30:05,269 INFO o.a.j.t.JMeterThread: Thread finished: Escenario Estres - 100 usuarios 3-45
2026-05-17 00:30:05,735 INFO o.a.j.t.JMeterThread: Thread started: Escenario Estres - 100 usuarios 3-46
2026-05-17 00:30:05,766 INFO o.a.j.t.JMeterThread: Thread is done: Escenario Estres - 100 usuarios 3-46
2026-05-17 00:30:05,766 INFO o.a.j.t.JMeterThread: Thread finished: Escenario Estres - 100 usuarios 3-46
2026-05-17 00:30:06,237 INFO o.a.j.t.JMeterThread: Thread started: Escenario Estres - 100 usuarios 3-47
2026-05-17 00:30:06,267 INFO o.a.j.t.JMeterThread: Thread is done: Escenario Estres - 100 usuarios 3-47
2026-05-17 00:30:06,267 INFO o.a.j.t.JMeterThread: Thread finished: Escenario Estres - 100 usuarios 3-47
2026-05-17 00:30:06,736 INFO o.a.j.t.JMeterThread: Thread started: Escenario Estres - 100 usuarios 3-48
2026-05-17 00:30:06,773 INFO o.a.j.t.JMeterThread: Thread is done: Escenario Estres - 100 usuarios 3-48
2026-05-17 00:30:06,773 INFO o.a.j.t.JMeterThread: Thread finished: Escenario Estres - 100 usuarios 3-48
2026-05-17 00:30:07,236 INFO o.a.j.t.JMeterThread: Thread started: Escenario Estres - 100 usuarios 3-49
2026-05-17 00:30:07,269 INFO o.a.j.t.JMeterThread: Thread is done: Escenario Estres - 100 usuarios 3-49
2026-05-17 00:30:07,269 INFO o.a.j.t.JMeterThread: Thread finished: Escenario Estres - 100 usuarios 3-49
2026-05-17 00:30:07,736 INFO o.a.j.t.JMeterThread: Thread started: Escenario Estres - 100 usuarios 3-50
2026-05-17 00:30:07,776 INFO o.a.j.t.JMeterThread: Thread is done: Escenario Estres - 100 usuarios 3-50
2026-05-17 00:30:07,777 INFO o.a.j.t.JMeterThread: Thread finished: Escenario Estres - 100 usuarios 3-50
2026-05-17 00:30:08,236 INFO o.a.j.t.JMeterThread: Thread started: Escenario Estres - 100 usuarios 3-51
2026-05-17 00:30:08,270 INFO o.a.j.t.JMeterThread: Thread is done: Escenario Estres - 100 usuarios 3-51
2026-05-17 00:30:08,270 INFO o.a.j.t.JMeterThread: Thread finished: Escenario Estres - 100 usuarios 3-51
2026-05-17 00:30:08,737 INFO o.a.j.t.JMeterThread: Thread started: Escenario Estres - 100 usuarios 3-52
2026-05-17 00:30:08,768 INFO o.a.j.t.JMeterThread: Thread is done: Escenario Estres - 100 usuarios 3-52
2026-05-17 00:30:08,768 INFO o.a.j.t.JMeterThread: Thread finished: Escenario Estres - 100 usuarios 3-52
2026-05-17 00:30:09,235 INFO o.a.j.t.JMeterThread: Thread started: Escenario Estres - 100 usuarios 3-53
2026-05-17 00:30:09,266 INFO o.a.j.t.JMeterThread: Thread is done: Escenario Estres - 100 usuarios 3-53
2026-05-17 00:30:09,266 INFO o.a.j.t.JMeterThread: Thread finished: Escenario Estres - 100 usuarios 3-53
2026-05-17 00:30:09,735 INFO o.a.j.t.JMeterThread: Thread started: Escenario Estres - 100 usuarios 3-54
2026-05-17 00:30:09,769 INFO o.a.j.t.JMeterThread: Thread is done: Escenario Estres - 100 usuarios 3-54
2026-05-17 00:30:09,769 INFO o.a.j.t.JMeterThread: Thread finished: Escenario Estres - 100 usuarios 3-54
2026-05-17 00:30:10,237 INFO o.a.j.t.JMeterThread: Thread started: Escenario Estres - 100 usuarios 3-55
2026-05-17 00:30:10,268 INFO o.a.j.t.JMeterThread: Thread is done: Escenario Estres - 100 usuarios 3-55
2026-05-17 00:30:10,268 INFO o.a.j.t.JMeterThread: Thread finished: Escenario Estres - 100 usuarios 3-55
2026-05-17 00:30:10,736 INFO o.a.j.t.JMeterThread: Thread started: Escenario Estres - 100 usuarios 3-56
2026-05-17 00:30:10,768 INFO o.a.j.t.JMeterThread: Thread is done: Escenario Estres - 100 usuarios 3-56
2026-05-17 00:30:10,768 INFO o.a.j.t.JMeterThread: Thread finished: Escenario Estres - 100 usuarios 3-56
2026-05-17 00:30:11,235 INFO o.a.j.t.JMeterThread: Thread started: Escenario Estres - 100 usuarios 3-57
2026-05-17 00:30:11,267 INFO o.a.j.t.JMeterThread: Thread is done: Escenario Estres - 100 usuarios 3-57
2026-05-17 00:30:11,267 INFO o.a.j.t.JMeterThread: Thread finished: Escenario Estres - 100 usuarios 3-57
2026-05-17 00:30:11,736 INFO o.a.j.t.JMeterThread: Thread started: Escenario Estres - 100 usuarios 3-58
2026-05-17 00:30:11,769 INFO o.a.j.t.JMeterThread: Thread is done: Escenario Estres - 100 usuarios 3-58
2026-05-17 00:30:11,769 INFO o.a.j.t.JMeterThread: Thread finished: Escenario Estres - 100 usuarios 3-58
2026-05-17 00:30:12,236 INFO o.a.j.t.JMeterThread: Thread started: Escenario Estres - 100 usuarios 3-59
2026-05-17 00:30:12,267 INFO o.a.j.t.JMeterThread: Thread is done: Escenario Estres - 100 usuarios 3-59
2026-05-17 00:30:12,268 INFO o.a.j.t.JMeterThread: Thread finished: Escenario Estres - 100 usuarios 3-59
2026-05-17 00:30:12,736 INFO o.a.j.t.JMeterThread: Thread started: Escenario Estres - 100 usuarios 3-60
2026-05-17 00:30:12,767 INFO o.a.j.t.JMeterThread: Thread is done: Escenario Estres - 100 usuarios 3-60
2026-05-17 00:30:12,767 INFO o.a.j.t.JMeterThread: Thread finished: Escenario Estres - 100 usuarios 3-60
2026-05-17 00:30:13,236 INFO o.a.j.t.JMeterThread: Thread started: Escenario Estres - 100 usuarios 3-61
2026-05-17 00:30:13,270 INFO o.a.j.t.JMeterThread: Thread is done: Escenario Estres - 100 usuarios 3-61
2026-05-17 00:30:13,271 INFO o.a.j.t.JMeterThread: Thread finished: Escenario Estres - 100 usuarios 3-61
2026-05-17 00:30:13,735 INFO o.a.j.t.JMeterThread: Thread started: Escenario Estres - 100 usuarios 3-62
2026-05-17 00:30:13,767 INFO o.a.j.t.JMeterThread: Thread is done: Escenario Estres - 100 usuarios 3-62
2026-05-17 00:30:13,767 INFO o.a.j.t.JMeterThread: Thread finished: Escenario Estres - 100 usuarios 3-62
2026-05-17 00:30:14,236 INFO o.a.j.t.JMeterThread: Thread started: Escenario Estres - 100 usuarios 3-63
2026-05-17 00:30:14,266 INFO o.a.j.t.JMeterThread: Thread is done: Escenario Estres - 100 usuarios 3-63
2026-05-17 00:30:14,266 INFO o.a.j.t.JMeterThread: Thread finished: Escenario Estres - 100 usuarios 3-63
2026-05-17 00:30:14,736 INFO o.a.j.t.JMeterThread: Thread started: Escenario Estres - 100 usuarios 3-64
2026-05-17 00:30:14,766 INFO o.a.j.t.JMeterThread: Thread is done: Escenario Estres - 100 usuarios 3-64
2026-05-17 00:30:14,766 INFO o.a.j.t.JMeterThread: Thread finished: Escenario Estres - 100 usuarios 3-64
2026-05-17 00:30:15,238 INFO o.a.j.t.JMeterThread: Thread started: Escenario Estres - 100 usuarios 3-65
2026-05-17 00:30:15,269 INFO o.a.j.t.JMeterThread: Thread is done: Escenario Estres - 100 usuarios 3-65
2026-05-17 00:30:15,269 INFO o.a.j.t.JMeterThread: Thread finished: Escenario Estres - 100 usuarios 3-65
2026-05-17 00:30:15,737 INFO o.a.j.t.JMeterThread: Thread started: Escenario Estres - 100 usuarios 3-66
2026-05-17 00:30:15,768 INFO o.a.j.t.JMeterThread: Thread is done: Escenario Estres - 100 usuarios 3-66
2026-05-17 00:30:15,769 INFO o.a.j.t.JMeterThread: Thread finished: Escenario Estres - 100 usuarios 3-66
2026-05-17 00:30:16,237 INFO o.a.j.t.JMeterThread: Thread started: Escenario Estres - 100 usuarios 3-67
2026-05-17 00:30:16,268 INFO o.a.j.t.JMeterThread: Thread is done: Escenario Estres - 100 usuarios 3-67
2026-05-17 00:30:16,269 INFO o.a.j.t.JMeterThread: Thread finished: Escenario Estres - 100 usuarios 3-67
2026-05-17 00:30:16,736 INFO o.a.j.t.JMeterThread: Thread started: Escenario Estres - 100 usuarios 3-68
2026-05-17 00:30:16,771 INFO o.a.j.t.JMeterThread: Thread is done: Escenario Estres - 100 usuarios 3-68
2026-05-17 00:30:16,771 INFO o.a.j.t.JMeterThread: Thread finished: Escenario Estres - 100 usuarios 3-68
2026-05-17 00:30:17,235 INFO o.a.j.t.JMeterThread: Thread started: Escenario Estres - 100 usuarios 3-69
2026-05-17 00:30:17,264 INFO o.a.j.t.JMeterThread: Thread is done: Escenario Estres - 100 usuarios 3-69
2026-05-17 00:30:17,292 INFO o.a.j.t.JMeterThread: Thread finished: Escenario Estres - 100 usuarios 3-69
2026-05-17 00:30:17,737 INFO o.a.j.t.JMeterThread: Thread started: Escenario Estres - 100 usuarios 3-70
2026-05-17 00:30:17,766 INFO o.a.j.t.JMeterThread: Thread is done: Escenario Estres - 100 usuarios 3-70
2026-05-17 00:30:17,766 INFO o.a.j.t.JMeterThread: Thread finished: Escenario Estres - 100 usuarios 3-70
2026-05-17 00:30:18,236 INFO o.a.j.t.JMeterThread: Thread started: Escenario Estres - 100 usuarios 3-71
2026-05-17 00:30:18,267 INFO o.a.j.t.JMeterThread: Thread is done: Escenario Estres - 100 usuarios 3-71
2026-05-17 00:30:18,267 INFO o.a.j.t.JMeterThread: Thread finished: Escenario Estres - 100 usuarios 3-71
2026-05-17 00:30:18,736 INFO o.a.j.t.JMeterThread: Thread started: Escenario Estres - 100 usuarios 3-72
2026-05-17 00:30:18,769 INFO o.a.j.t.JMeterThread: Thread is done: Escenario Estres - 100 usuarios 3-72
2026-05-17 00:30:18,769 INFO o.a.j.t.JMeterThread: Thread finished: Escenario Estres - 100 usuarios 3-72
2026-05-17 00:30:19,236 INFO o.a.j.t.JMeterThread: Thread started: Escenario Estres - 100 usuarios 3-73
2026-05-17 00:30:19,268 INFO o.a.j.t.JMeterThread: Thread is done: Escenario Estres - 100 usuarios 3-73
2026-05-17 00:30:19,268 INFO o.a.j.t.JMeterThread: Thread finished: Escenario Estres - 100 usuarios 3-73
2026-05-17 00:30:19,736 INFO o.a.j.t.JMeterThread: Thread started: Escenario Estres - 100 usuarios 3-74
2026-05-17 00:30:19,768 INFO o.a.j.t.JMeterThread: Thread is done: Escenario Estres - 100 usuarios 3-74
2026-05-17 00:30:19,768 INFO o.a.j.t.JMeterThread: Thread finished: Escenario Estres - 100 usuarios 3-74
2026-05-17 00:30:20,237 INFO o.a.j.t.JMeterThread: Thread started: Escenario Estres - 100 usuarios 3-75
2026-05-17 00:30:20,273 INFO o.a.j.t.JMeterThread: Thread is done: Escenario Estres - 100 usuarios 3-75
2026-05-17 00:30:20,274 INFO o.a.j.t.JMeterThread: Thread finished: Escenario Estres - 100 usuarios 3-75
2026-05-17 00:30:20,735 INFO o.a.j.t.JMeterThread: Thread started: Escenario Estres - 100 usuarios 3-76
2026-05-17 00:30:20,765 INFO o.a.j.t.JMeterThread: Thread is done: Escenario Estres - 100 usuarios 3-76
2026-05-17 00:30:20,765 INFO o.a.j.t.JMeterThread: Thread finished: Escenario Estres - 100 usuarios 3-76
2026-05-17 00:30:21,238 INFO o.a.j.t.JMeterThread: Thread started: Escenario Estres - 100 usuarios 3-77
2026-05-17 00:30:21,272 INFO o.a.j.t.JMeterThread: Thread is done: Escenario Estres - 100 usuarios 3-77
2026-05-17 00:30:21,272 INFO o.a.j.t.JMeterThread: Thread finished: Escenario Estres - 100 usuarios 3-77
2026-05-17 00:30:21,738 INFO o.a.j.t.JMeterThread: Thread started: Escenario Estres - 100 usuarios 3-78
2026-05-17 00:30:21,766 INFO o.a.j.t.JMeterThread: Thread is done: Escenario Estres - 100 usuarios 3-78
2026-05-17 00:30:21,767 INFO o.a.j.t.JMeterThread: Thread finished: Escenario Estres - 100 usuarios 3-78
2026-05-17 00:30:22,236 INFO o.a.j.t.JMeterThread: Thread started: Escenario Estres - 100 usuarios 3-79
2026-05-17 00:30:22,266 INFO o.a.j.t.JMeterThread: Thread is done: Escenario Estres - 100 usuarios 3-79
2026-05-17 00:30:22,266 INFO o.a.j.t.JMeterThread: Thread finished: Escenario Estres - 100 usuarios 3-79
2026-05-17 00:30:22,737 INFO o.a.j.t.JMeterThread: Thread started: Escenario Estres - 100 usuarios 3-80
2026-05-17 00:30:22,768 INFO o.a.j.t.JMeterThread: Thread is done: Escenario Estres - 100 usuarios 3-80
2026-05-17 00:30:22,768 INFO o.a.j.t.JMeterThread: Thread finished: Escenario Estres - 100 usuarios 3-80
2026-05-17 00:30:23,238 INFO o.a.j.t.JMeterThread: Thread started: Escenario Estres - 100 usuarios 3-81
2026-05-17 00:30:23,267 INFO o.a.j.t.JMeterThread: Thread is done: Escenario Estres - 100 usuarios 3-81
2026-05-17 00:30:23,268 INFO o.a.j.t.JMeterThread: Thread finished: Escenario Estres - 100 usuarios 3-81
2026-05-17 00:30:23,736 INFO o.a.j.t.JMeterThread: Thread started: Escenario Estres - 100 usuarios 3-82
2026-05-17 00:30:23,765 INFO o.a.j.t.JMeterThread: Thread is done: Escenario Estres - 100 usuarios 3-82
2026-05-17 00:30:23,766 INFO o.a.j.t.JMeterThread: Thread finished: Escenario Estres - 100 usuarios 3-82
2026-05-17 00:30:24,236 INFO o.a.j.t.JMeterThread: Thread started: Escenario Estres - 100 usuarios 3-83
2026-05-17 00:30:24,268 INFO o.a.j.t.JMeterThread: Thread is done: Escenario Estres - 100 usuarios 3-83
2026-05-17 00:30:24,269 INFO o.a.j.t.JMeterThread: Thread finished: Escenario Estres - 100 usuarios 3-83
2026-05-17 00:30:24,737 INFO o.a.j.t.JMeterThread: Thread started: Escenario Estres - 100 usuarios 3-84
2026-05-17 00:30:24,769 INFO o.a.j.t.JMeterThread: Thread is done: Escenario Estres - 100 usuarios 3-84
2026-05-17 00:30:24,769 INFO o.a.j.t.JMeterThread: Thread finished: Escenario Estres - 100 usuarios 3-84
2026-05-17 00:30:25,236 INFO o.a.j.t.JMeterThread: Thread started: Escenario Estres - 100 usuarios 3-85
2026-05-17 00:30:25,274 INFO o.a.j.t.JMeterThread: Thread is done: Escenario Estres - 100 usuarios 3-85
2026-05-17 00:30:25,274 INFO o.a.j.t.JMeterThread: Thread finished: Escenario Estres - 100 usuarios 3-85
2026-05-17 00:30:25,735 INFO o.a.j.t.JMeterThread: Thread started: Escenario Estres - 100 usuarios 3-86
2026-05-17 00:30:25,767 INFO o.a.j.t.JMeterThread: Thread is done: Escenario Estres - 100 usuarios 3-86
2026-05-17 00:30:25,767 INFO o.a.j.t.JMeterThread: Thread finished: Escenario Estres - 100 usuarios 3-86
2026-05-17 00:30:26,236 INFO o.a.j.t.JMeterThread: Thread started: Escenario Estres - 100 usuarios 3-87
2026-05-17 00:30:26,266 INFO o.a.j.t.JMeterThread: Thread is done: Escenario Estres - 100 usuarios 3-87
2026-05-17 00:30:26,266 INFO o.a.j.t.JMeterThread: Thread finished: Escenario Estres - 100 usuarios 3-87
2026-05-17 00:30:26,736 INFO o.a.j.t.JMeterThread: Thread started: Escenario Estres - 100 usuarios 3-88
2026-05-17 00:30:26,769 INFO o.a.j.t.JMeterThread: Thread is done: Escenario Estres - 100 usuarios 3-88
2026-05-17 00:30:26,769 INFO o.a.j.t.JMeterThread: Thread finished: Escenario Estres - 100 usuarios 3-88
2026-05-17 00:30:27,236 INFO o.a.j.t.JMeterThread: Thread started: Escenario Estres - 100 usuarios 3-89
2026-05-17 00:30:27,270 INFO o.a.j.t.JMeterThread: Thread is done: Escenario Estres - 100 usuarios 3-89
2026-05-17 00:30:27,270 INFO o.a.j.t.JMeterThread: Thread finished: Escenario Estres - 100 usuarios 3-89
2026-05-17 00:30:27,736 INFO o.a.j.t.JMeterThread: Thread started: Escenario Estres - 100 usuarios 3-90
2026-05-17 00:30:27,768 INFO o.a.j.t.JMeterThread: Thread is done: Escenario Estres - 100 usuarios 3-90
2026-05-17 00:30:27,769 INFO o.a.j.t.JMeterThread: Thread finished: Escenario Estres - 100 usuarios 3-90
2026-05-17 00:30:28,237 INFO o.a.j.t.JMeterThread: Thread started: Escenario Estres - 100 usuarios 3-91
2026-05-17 00:30:28,270 INFO o.a.j.t.JMeterThread: Thread is done: Escenario Estres - 100 usuarios 3-91
2026-05-17 00:30:28,270 INFO o.a.j.t.JMeterThread: Thread finished: Escenario Estres - 100 usuarios 3-91
2026-05-17 00:30:28,737 INFO o.a.j.t.JMeterThread: Thread started: Escenario Estres - 100 usuarios 3-92
2026-05-17 00:30:28,766 INFO o.a.j.t.JMeterThread: Thread is done: Escenario Estres - 100 usuarios 3-92
2026-05-17 00:30:28,766 INFO o.a.j.t.JMeterThread: Thread finished: Escenario Estres - 100 usuarios 3-92
2026-05-17 00:30:29,236 INFO o.a.j.t.JMeterThread: Thread started: Escenario Estres - 100 usuarios 3-93
2026-05-17 00:30:29,268 INFO o.a.j.t.JMeterThread: Thread is done: Escenario Estres - 100 usuarios 3-93
2026-05-17 00:30:29,268 INFO o.a.j.t.JMeterThread: Thread finished: Escenario Estres - 100 usuarios 3-93
2026-05-17 00:30:29,735 INFO o.a.j.t.JMeterThread: Thread started: Escenario Estres - 100 usuarios 3-94
2026-05-17 00:30:29,764 INFO o.a.j.t.JMeterThread: Thread is done: Escenario Estres - 100 usuarios 3-94
2026-05-17 00:30:29,764 INFO o.a.j.t.JMeterThread: Thread finished: Escenario Estres - 100 usuarios 3-94
2026-05-17 00:30:30,237 INFO o.a.j.t.JMeterThread: Thread started: Escenario Estres - 100 usuarios 3-95
2026-05-17 00:30:30,247 INFO o.a.j.r.Summariser: summary +    300 in 00:00:30 =   10.0/s Avg:     5 Min:     4 Max:    12 Err:     0 (0.00%) Active: 1 Started: 150 Finished: 149
2026-05-17 00:30:30,247 INFO o.a.j.r.Summariser: summary =    746 in 00:00:47 =   15.9/s Avg:     8 Min:     4 Max:    75 Err:     0 (0.00%)
2026-05-17 00:30:30,271 INFO o.a.j.t.JMeterThread: Thread is done: Escenario Estres - 100 usuarios 3-95
2026-05-17 00:30:30,271 INFO o.a.j.t.JMeterThread: Thread finished: Escenario Estres - 100 usuarios 3-95
2026-05-17 00:30:30,736 INFO o.a.j.t.JMeterThread: Thread started: Escenario Estres - 100 usuarios 3-96
2026-05-17 00:30:30,766 INFO o.a.j.t.JMeterThread: Thread is done: Escenario Estres - 100 usuarios 3-96
2026-05-17 00:30:30,766 INFO o.a.j.t.JMeterThread: Thread finished: Escenario Estres - 100 usuarios 3-96
2026-05-17 00:30:31,235 INFO o.a.j.t.JMeterThread: Thread started: Escenario Estres - 100 usuarios 3-97
2026-05-17 00:30:31,265 INFO o.a.j.t.JMeterThread: Thread is done: Escenario Estres - 100 usuarios 3-97
2026-05-17 00:30:31,265 INFO o.a.j.t.JMeterThread: Thread finished: Escenario Estres - 100 usuarios 3-97
2026-05-17 00:30:31,736 INFO o.a.j.t.JMeterThread: Thread started: Escenario Estres - 100 usuarios 3-98
2026-05-17 00:30:31,765 INFO o.a.j.t.JMeterThread: Thread is done: Escenario Estres - 100 usuarios 3-98
2026-05-17 00:30:31,766 INFO o.a.j.t.JMeterThread: Thread finished: Escenario Estres - 100 usuarios 3-98
2026-05-17 00:30:32,237 INFO o.a.j.t.JMeterThread: Thread started: Escenario Estres - 100 usuarios 3-99
2026-05-17 00:30:32,269 INFO o.a.j.t.JMeterThread: Thread is done: Escenario Estres - 100 usuarios 3-99
2026-05-17 00:30:32,269 INFO o.a.j.t.JMeterThread: Thread finished: Escenario Estres - 100 usuarios 3-99
2026-05-17 00:30:32,737 INFO o.a.j.t.JMeterThread: Thread started: Escenario Estres - 100 usuarios 3-100
2026-05-17 00:30:32,768 INFO o.a.j.t.JMeterThread: Thread is done: Escenario Estres - 100 usuarios 3-100
2026-05-17 00:30:32,768 INFO o.a.j.t.JMeterThread: Thread finished: Escenario Estres - 100 usuarios 3-100
2026-05-17 00:30:32,769 INFO o.a.j.e.StandardJMeterEngine: Notifying test listeners of end of test
2026-05-17 00:30:32,770 INFO o.a.j.r.Summariser: summary +     29 in 00:00:03 =   11.5/s Avg:     5 Min:     4 Max:     8 Err:     0 (0.00%) Active: 0 Started: 155 Finished: 155
2026-05-17 00:30:32,771 INFO o.a.j.r.Summariser: summary =    775 in 00:00:50 =   15.6/s Avg:     8 Min:     4 Max:    75 Err:     0 (0.00%)
2026-05-17 00:30:32,772 INFO o.a.j.JMeter: Generating Dashboard
2026-05-17 00:30:32,772 INFO o.a.j.r.d.ReportGenerator: Flushing result collector before report Generation
2026-05-17 00:30:32,797 INFO o.a.j.r.p.NormalizerSampleConsumer: Using format, 'ms', to parse timeStamp field
2026-05-17 00:30:33,085 INFO o.a.j.r.p.AbstractSampleConsumer: class org.apache.jmeter.report.processor.AggregateConsumer#stopProducing(): beginDate produced 0 samples
2026-05-17 00:30:33,085 INFO o.a.j.r.p.AbstractSampleConsumer: class org.apache.jmeter.report.processor.AggregateConsumer#stopProducing(): endDate produced 0 samples
2026-05-17 00:30:33,092 INFO o.a.j.r.p.AbstractSampleConsumer: class org.apache.jmeter.report.processor.ApdexSummaryConsumer#stopProducing(): apdexSummary produced 0 samples
2026-05-17 00:30:33,092 INFO o.a.j.r.p.AbstractSampleConsumer: class org.apache.jmeter.report.processor.RequestsSummaryConsumer#stopProducing(): requestsSummary produced 0 samples
2026-05-17 00:30:33,102 INFO o.a.j.r.p.AbstractSampleConsumer: class org.apache.jmeter.report.processor.StatisticsSummaryConsumer#stopProducing(): statisticsSummary produced 0 samples
2026-05-17 00:30:33,106 INFO o.a.j.r.p.AbstractSampleConsumer: class org.apache.jmeter.report.processor.Top5ErrorsBySamplerConsumer#stopProducing(): top5ErrorsBySampler produced 0 samples
2026-05-17 00:30:33,107 INFO o.a.j.r.p.AbstractSampleConsumer: class org.apache.jmeter.report.processor.ErrorsSummaryConsumer#stopProducing(): errorsSummary produced 0 samples
2026-05-17 00:30:33,107 INFO o.a.j.r.p.AbstractSampleConsumer: class org.apache.jmeter.report.processor.graph.impl.HitsPerSecondGraphConsumer#stopProducing(): hitsPerSecond produced 0 samples
2026-05-17 00:30:33,169 INFO o.a.j.r.p.AbstractSampleConsumer: class org.apache.jmeter.report.processor.graph.impl.LatencyVSRequestGraphConsumer#stopProducing(): latencyVsRequest produced 0 samples
2026-05-17 00:30:33,170 INFO o.a.j.r.p.AbstractSampleConsumer: class org.apache.jmeter.report.processor.graph.impl.SyntheticResponseTimeDistributionGraphConsumer#stopProducing(): syntheticResponseTimeDistribution produced 0 samples
2026-05-17 00:30:33,171 INFO o.a.j.r.p.AbstractSampleConsumer: class org.apache.jmeter.report.processor.graph.impl.BytesThroughputGraphConsumer#stopProducing(): bytesThroughputOverTime produced 0 samples
2026-05-17 00:30:33,171 INFO o.a.j.r.p.AbstractSampleConsumer: class org.apache.jmeter.report.processor.graph.impl.CodesPerSecondGraphConsumer#stopProducing(): codesPerSecond produced 0 samples
2026-05-17 00:30:33,198 INFO o.a.j.r.p.AbstractSampleConsumer: class org.apache.jmeter.report.processor.graph.impl.ResponseTimeVSRequestGraphConsumer#stopProducing(): responseTimeVsRequest produced 0 samples
2026-05-17 00:30:33,199 INFO o.a.j.r.p.AbstractSampleConsumer: class org.apache.jmeter.report.processor.FilterConsumer#stopProducing(): startIntervalControlerFilter produced 16275 samples
2026-05-17 00:30:33,199 INFO o.a.j.r.p.AbstractSampleConsumer: class org.apache.jmeter.report.processor.graph.impl.TotalTPSGraphConsumer#stopProducing(): totalTPS produced 0 samples
2026-05-17 00:30:33,199 INFO o.a.j.r.p.AbstractSampleConsumer: class org.apache.jmeter.report.processor.graph.impl.ActiveThreadsGraphConsumer#stopProducing(): activeThreadsOverTime produced 0 samples
2026-05-17 00:30:33,199 INFO o.a.j.r.p.AbstractSampleConsumer: class org.apache.jmeter.report.processor.graph.impl.TimeVSThreadGraphConsumer#stopProducing(): timeVsThreads produced 0 samples
2026-05-17 00:30:33,200 INFO o.a.j.r.p.AbstractSampleConsumer: class org.apache.jmeter.report.processor.graph.impl.ResponseTimeDistributionGraphConsumer#stopProducing(): responseTimeDistribution produced 0 samples
2026-05-17 00:30:33,200 INFO o.a.j.r.p.AbstractSampleConsumer: class org.apache.jmeter.report.processor.graph.impl.TransactionsPerSecondGraphConsumer#stopProducing(): transactionsPerSecond produced 0 samples
2026-05-17 00:30:33,200 INFO o.a.j.r.p.AbstractSampleConsumer: class org.apache.jmeter.report.processor.graph.impl.ResponseTimePercentilesGraphConsumer#stopProducing(): responseTimePercentiles produced 0 samples
2026-05-17 00:30:33,203 INFO o.a.j.r.p.AbstractSampleConsumer: class org.apache.jmeter.report.processor.graph.impl.ResponseTimePercentilesOverTimeGraphConsumer#stopProducing(): responseTimePercentilesOverTime produced 0 samples
2026-05-17 00:30:33,204 INFO o.a.j.r.p.AbstractSampleConsumer: class org.apache.jmeter.report.processor.graph.impl.ResponseTimeOverTimeGraphConsumer#stopProducing(): responseTimesOverTime produced 0 samples
2026-05-17 00:30:33,205 INFO o.a.j.r.p.AbstractSampleConsumer: class org.apache.jmeter.report.processor.graph.impl.ConnectTimeOverTimeGraphConsumer#stopProducing(): connectTimeOverTime produced 0 samples
2026-05-17 00:30:33,205 INFO o.a.j.r.p.AbstractSampleConsumer: class org.apache.jmeter.report.processor.graph.impl.LatencyOverTimeGraphConsumer#stopProducing(): latenciesOverTime produced 0 samples
2026-05-17 00:30:33,206 INFO o.a.j.r.p.AbstractSampleConsumer: class org.apache.jmeter.report.processor.FilterConsumer#stopProducing(): nameFilter produced 34875 samples
2026-05-17 00:30:33,206 INFO o.a.j.r.p.AbstractSampleConsumer: class org.apache.jmeter.report.processor.FilterConsumer#stopProducing(): dateRangeFilter produced 6975 samples
2026-05-17 00:30:33,206 INFO o.a.j.r.p.AbstractSampleConsumer: class org.apache.jmeter.report.processor.NormalizerSampleConsumer#stopProducing(): normalizer produced 2325 samples
2026-05-17 00:30:33,207 INFO o.a.j.r.p.CsvFileSampleSource: produce(): 2325 samples produced in 345ms on channel 0
2026-05-17 00:30:33,207 INFO o.a.j.r.d.ReportGenerator: Exporting data using exporter:'json' of className:'org.apache.jmeter.report.dashboard.JsonExporter'
2026-05-17 00:30:33,369 INFO o.a.j.r.d.JsonExporter: Found data for consumer statisticsSummary in context
2026-05-17 00:30:33,369 INFO o.a.j.r.d.JsonExporter: Creating statistics for overall
2026-05-17 00:30:33,370 INFO o.a.j.r.d.JsonExporter: Creating statistics for other transactions
2026-05-17 00:30:33,371 INFO o.a.j.r.d.JsonExporter: Checking output folder
2026-05-17 00:30:33,372 INFO o.a.j.r.d.JsonExporter: Writing statistics JSON to C:\Users\USUARIO\Downloads\GymSuppStore\reports\jmeter\html\statistics.json
2026-05-17 00:30:33,440 INFO o.a.j.r.d.ReportGenerator: Exporting data using exporter:'html' of className:'org.apache.jmeter.report.dashboard.HtmlTemplateExporter'
2026-05-17 00:30:33,445 INFO o.a.j.r.d.HtmlTemplateExporter: Will generate dashboard in folder: C:\Users\USUARIO\Downloads\GymSuppStore\reports\jmeter\html
2026-05-17 00:30:33,631 INFO o.a.j.r.d.HtmlTemplateExporter: Report will be generated in: C:\Users\USUARIO\Downloads\GymSuppStore\reports\jmeter\html, creating folder structure
2026-05-17 00:30:33,637 INFO o.a.j.r.d.TemplateVisitor: Copying folder from 'C:\Users\USUARIO\OneDrive - corhuila.edu.co\Escritorio\Code\apache-jmeter-5.6.3\apache-jmeter-5.6.3\bin\report-template' to 'C:\Users\USUARIO\Downloads\GymSuppStore\reports\jmeter\html', got message: C:\Users\USUARIO\Downloads\GymSuppStore\reports\jmeter\html, found non empty folder with following content [C:\Users\USUARIO\Downloads\GymSuppStore\reports\jmeter\html\statistics.json], will be ignored
2026-05-17 00:30:34,449 INFO o.a.j.JMeter: Dashboard generated
